2025-10-08 07:35:35.2124 | INFO | LMS5.Login | Login successfull for user in mode: Admin 
2025-10-08 07:35:35.3290 | ERROR | LMS5.Login | Error during login for user: Mukesh System.Threading.ThreadAbortException: Thread was being aborted.
   at System.Threading.Thread.AbortInternal()
   at System.Threading.Thread.Abort(Object stateInfo)
   at System.Web.HttpResponse.AbortCurrentThread()
   at System.Web.HttpResponse.Redirect(String url, Boolean endResponse, Boolean permanent)
   at LMS5.Login.btnLogin_Click(Object sender, EventArgs e) in C:\Users\Admin\source\repos\LMS5\Login.aspx.cs:line 85
2025-10-08 07:36:49.6235 | INFO | LMS5.Register | New user registered successfully: Username=Pra, Role=Librarian, FullName=Prathima S 
2025-10-08 07:39:07.0052 | INFO | LMS5.Login | Login successfull for user in mode: Admin 
2025-10-08 07:39:07.0790 | ERROR | LMS5.Login | Error during login for user: Mukesh System.Threading.ThreadAbortException: Thread was being aborted.
   at System.Threading.Thread.AbortInternal()
   at System.Threading.Thread.Abort(Object stateInfo)
   at System.Web.HttpResponse.AbortCurrentThread()
   at System.Web.HttpResponse.Redirect(String url, Boolean endResponse, Boolean permanent)
   at LMS5.Login.btnLogin_Click(Object sender, EventArgs e) in C:\Users\Admin\source\repos\LMS5\Login.aspx.cs:line 85
2025-10-08 07:40:01.7541 | INFO | LMS5.Shared.AddBook | Book added successfully. Title='magic of thinking big', ISBN='1800180178954', AuthorId=2, CategoryId=2 
2025-10-08 07:41:06.8731 | ERROR | LMS5.Shared.AddBook | SQL error while adding book. Title='magic of thinking big', ISBN='1800180178954' System.Data.SqlClient.SqlException (0x80131904): Violation of UNIQUE KEY constraint 'UQ__Books__447D36EA414B188B'. Cannot insert duplicate key in object 'dbo.Books'. The duplicate key value is (1800180178954).
The statement has been terminated.
   at System.Data.SqlClient.SqlConnection.OnError(SqlException exception, Boolean breakConnection, Action`1 wrapCloseInAction)
   at System.Data.SqlClient.TdsParser.ThrowExceptionAndWarning(TdsParserStateObject stateObj, Boolean callerHasConnectionLock, Boolean asyncClose)
   at System.Data.SqlClient.TdsParser.TryRun(RunBehavior runBehavior, SqlCommand cmdHandler, SqlDataReader dataStream, BulkCopySimpleResultSet bulkCopyHandler, TdsParserStateObject stateObj, Boolean& dataReady)
   at System.Data.SqlClient.SqlCommand.FinishExecuteReader(SqlDataReader ds, RunBehavior runBehavior, String resetOptionsString, Boolean isInternal, Boolean forDescribeParameterEncryption, Boolean shouldCacheForAlwaysEncrypted)
   at System.Data.SqlClient.SqlCommand.RunExecuteReaderTds(CommandBehavior cmdBehavior, RunBehavior runBehavior, Boolean returnStream, Boolean async, Int32 timeout, Task& task, Boolean asyncWrite, Boolean inRetry, SqlDataReader ds, Boolean describeParameterEncryptionRequest)
   at System.Data.SqlClient.SqlCommand.RunExecuteReader(CommandBehavior cmdBehavior, RunBehavior runBehavior, Boolean returnStream, String method, TaskCompletionSource`1 completion, Int32 timeout, Task& task, Boolean& usedCache, Boolean asyncWrite, Boolean inRetry)
   at System.Data.SqlClient.SqlCommand.InternalExecuteNonQuery(TaskCompletionSource`1 completion, String methodName, Boolean sendToPipe, Int32 timeout, Boolean& usedCache, Boolean asyncWrite, Boolean inRetry)
   at System.Data.SqlClient.SqlCommand.ExecuteNonQuery()
   at LMS5.Shared.AddBook.btnSave_Click(Object sender, EventArgs e) in C:\Users\Admin\source\repos\LMS5\Shared\AddBook.aspx.cs:line 111
ClientConnectionId:00c7c9cd-dabb-4e84-83ef-8f0b03203227
Error Number:2627,State:1,Class:14
2025-10-08 07:44:50.8973 | INFO | LMS5.Login | Login successfull for user in mode: Member 
2025-10-08 07:44:50.9670 | ERROR | LMS5.Login | Error during login for user: bob System.Threading.ThreadAbortException: Thread was being aborted.
   at System.Threading.Thread.AbortInternal()
   at System.Threading.Thread.Abort(Object stateInfo)
   at System.Web.HttpResponse.AbortCurrentThread()
   at System.Web.HttpResponse.Redirect(String url, Boolean endResponse, Boolean permanent)
   at LMS5.Login.btnLogin_Click(Object sender, EventArgs e) in C:\Users\Admin\source\repos\LMS5\Login.aspx.cs:line 90
2025-10-08 07:44:54.3720 | INFO | LMS5.Member.Borrow | Borrow page loaded successfully for user 'bob'. 
2025-10-08 07:45:03.0675 | INFO | LMS5.Member.Borrow | Member 'bob' (UserId=3) borrowed BookId=10 successfully on 2025-10-08 07:45:03. 
