2025-10-03 07:38:41.5702 | ERROR | LMS5.Login | Error during login for user: bob System.Threading.ThreadAbortException: Thread was being aborted.
   at System.Threading.Thread.AbortInternal()
   at System.Threading.Thread.Abort(Object stateInfo)
   at System.Web.HttpResponse.AbortCurrentThread()
   at System.Web.HttpResponse.Redirect(String url, Boolean endResponse, Boolean permanent)
   at LMS5.Login.btnLogin_Click(Object sender, EventArgs e) in C:\Users\Admin\source\repos\LMS5\Login.aspx.cs:line 90
2025-10-03 07:40:22.2232 | ERROR | LMS5.Login | Error during login for user: kriti System.Threading.ThreadAbortException: Thread was being aborted.
   at System.Threading.Thread.AbortInternal()
   at System.Threading.Thread.Abort(Object stateInfo)
   at System.Web.HttpResponse.AbortCurrentThread()
   at System.Web.HttpResponse.Redirect(String url, Boolean endResponse, Boolean permanent)
   at LMS5.Login.btnLogin_Click(Object sender, EventArgs e) in C:\Users\Admin\source\repos\LMS5\Login.aspx.cs:line 90
2025-10-03 07:42:30.7651 | ERROR | LMS5.Login | Error during login for user: sunidhi System.Threading.ThreadAbortException: Thread was being aborted.
   at System.Threading.Thread.AbortInternal()
   at System.Threading.Thread.Abort(Object stateInfo)
   at System.Web.HttpResponse.AbortCurrentThread()
   at System.Web.HttpResponse.Redirect(String url, Boolean endResponse, Boolean permanent)
   at LMS5.Login.btnLogin_Click(Object sender, EventArgs e) in C:\Users\Admin\source\repos\LMS5\Login.aspx.cs:line 90
2025-10-03 07:43:00.0955 | ERROR | LMS5.Login | Error during login for user: bob System.Threading.ThreadAbortException: Thread was being aborted.
   at System.Threading.Thread.AbortInternal()
   at System.Threading.Thread.Abort(Object stateInfo)
   at System.Web.HttpResponse.AbortCurrentThread()
   at System.Web.HttpResponse.Redirect(String url, Boolean endResponse, Boolean permanent)
   at LMS5.Login.btnLogin_Click(Object sender, EventArgs e) in C:\Users\Admin\source\repos\LMS5\Login.aspx.cs:line 90
2025-10-03 07:43:39.7303 | ERROR | LMS5.Login | Error during login for user: kriti System.Threading.ThreadAbortException: Thread was being aborted.
   at System.Threading.Thread.AbortInternal()
   at System.Threading.Thread.Abort(Object stateInfo)
   at System.Web.HttpResponse.AbortCurrentThread()
   at System.Web.HttpResponse.Redirect(String url, Boolean endResponse, Boolean permanent)
   at LMS5.Login.btnLogin_Click(Object sender, EventArgs e) in C:\Users\Admin\source\repos\LMS5\Login.aspx.cs:line 90
2025-10-03 08:07:03.1742 | ERROR | LMS5.Login | Error during login for user: Mukesh System.Threading.ThreadAbortException: Thread was being aborted.
   at System.Threading.Thread.AbortInternal()
   at System.Threading.Thread.Abort(Object stateInfo)
   at System.Web.HttpResponse.AbortCurrentThread()
   at System.Web.HttpResponse.Redirect(String url, Boolean endResponse, Boolean permanent)
   at LMS5.Login.btnLogin_Click(Object sender, EventArgs e) in C:\Users\Admin\source\repos\LMS5\Login.aspx.cs:line 85
2025-10-03 23:39:43.3267 | ERROR | LMS5.Login | LMS5.Login.btnLogin_Click | Unexpected error during login for user: Mukesh System.Threading.ThreadAbortException: Thread was being aborted.
   at System.Threading.Thread.AbortInternal()
   at System.Threading.Thread.Abort(Object stateInfo)
   at System.Web.HttpResponse.AbortCurrentThread()
   at System.Web.HttpResponse.Redirect(String url, Boolean endResponse, Boolean permanent)
   at LMS5.Login.RedirectUserByRole(String role) in C:\Users\Admin\source\repos\LMS5\Login.aspx.cs:line 260
   at LMS5.Login.btnLogin_Click(Object sender, EventArgs e) in C:\Users\Admin\source\repos\LMS5\Login.aspx.cs:line 81
2025-10-03 23:39:44.6987 | ERROR | LMS5.Global | LMS5.Global.Application_Error | Unhandled application error occurred System.Web.HttpUnhandledException (0x80004005): Exception of type 'System.Web.HttpUnhandledException' was thrown. ---> System.InvalidOperationException: 'bootstrap' is not a valid script name.  The name must end in '.js'.
   at System.Web.UI.ScriptReference.GetDebugName(String releaseName)
   at System.Web.UI.ScriptReference.ShouldUseDebugScript(String releaseName, Assembly assembly, Boolean isDebuggingEnabled, Assembly currentAjaxAssembly)
   at System.Web.UI.ScriptReference.DetermineResourceNameAndAssembly(ScriptManager scriptManager, Boolean isDebuggingEnabled, String& resourceName, Assembly& assembly)
   at System.Web.UI.ScriptReference.GetUrlFromName(ScriptManager scriptManager, IControl scriptManagerControl, Boolean zip, Boolean useCdnPath)
   at System.Web.UI.ScriptReference.GetUrlInternal(ScriptManager scriptManager, Boolean zip, Boolean useCdnPath)
   at System.Web.UI.ScriptReference.GetUrl(ScriptManager scriptManager, Boolean zip)
   at System.Web.UI.ScriptManager.RegisterUniqueScripts(List`1 uniqueScripts)
   at System.Web.UI.ScriptManager.RegisterScripts()
   at System.Web.UI.ScriptManager.OnPagePreRenderComplete(Object sender, EventArgs e)
   at System.Web.UI.Page.OnPreRenderComplete(EventArgs e)
   at System.Web.UI.Page.ProcessRequestMain(Boolean includeStagesBeforeAsyncPoint, Boolean includeStagesAfterAsyncPoint)
   at System.Web.UI.Page.HandleError(Exception e)
   at System.Web.UI.Page.ProcessRequestMain(Boolean includeStagesBeforeAsyncPoint, Boolean includeStagesAfterAsyncPoint)
   at System.Web.UI.Page.ProcessRequest(Boolean includeStagesBeforeAsyncPoint, Boolean includeStagesAfterAsyncPoint)
   at System.Web.UI.Page.ProcessRequest()
   at System.Web.UI.Page.ProcessRequest(HttpContext context)
   at ASP.admin_admindashboard_aspx.ProcessRequest(HttpContext context)
   at System.Web.HttpApplication.CallHandlerExecutionStep.System.Web.HttpApplication.IExecutionStep.Execute()
   at System.Web.HttpApplication.ExecuteStepImpl(IExecutionStep step)
   at System.Web.HttpApplication.ExecuteStep(IExecutionStep step, Boolean& completedSynchronously)
System.InvalidOperationException: 'bootstrap' is not a valid script name.  The name must end in '.js'.
   at System.Web.UI.ScriptReference.GetDebugName(String releaseName)
   at System.Web.UI.ScriptReference.ShouldUseDebugScript(String releaseName, Assembly assembly, Boolean isDebuggingEnabled, Assembly currentAjaxAssembly)
   at System.Web.UI.ScriptReference.DetermineResourceNameAndAssembly(ScriptManager scriptManager, Boolean isDebuggingEnabled, String& resourceName, Assembly& assembly)
   at System.Web.UI.ScriptReference.GetUrlFromName(ScriptManager scriptManager, IControl scriptManagerControl, Boolean zip, Boolean useCdnPath)
   at System.Web.UI.ScriptReference.GetUrlInternal(ScriptManager scriptManager, Boolean zip, Boolean useCdnPath)
   at System.Web.UI.ScriptReference.GetUrl(ScriptManager scriptManager, Boolean zip)
   at System.Web.UI.ScriptManager.RegisterUniqueScripts(List`1 uniqueScripts)
   at System.Web.UI.ScriptManager.RegisterScripts()
   at System.Web.UI.ScriptManager.OnPagePreRenderComplete(Object sender, EventArgs e)
   at System.Web.UI.Page.OnPreRenderComplete(EventArgs e)
   at System.Web.UI.Page.ProcessRequestMain(Boolean includeStagesBeforeAsyncPoint, Boolean includeStagesAfterAsyncPoint)
2025-10-03 23:39:44.7162 | ERROR | LMS5.Global | LMS5.Global.Application_Error | URL: https://localhost:44326/Admin/AdminDashboard.aspx 
2025-10-03 23:39:44.7162 | ERROR | LMS5.Global | LMS5.Global.Application_Error | User: Mukesh 
2025-10-03 23:39:44.7162 | ERROR | LMS5.Global | LMS5.Global.Application_Error | User Agent: Mozilla/5.0 (Windows NT 10.0; Win64; x64) AppleWebKit/537.36 (KHTML, like Gecko) Chrome/140.0.0.0 Safari/537.36 
2025-10-03 23:48:39.0258 | ERROR | LMS5.Login | LMS5.Login.btnLogin_Click | Unexpected error during login for user: Mukesh System.Threading.ThreadAbortException: Thread was being aborted.
   at System.Threading.Thread.AbortInternal()
   at System.Threading.Thread.Abort(Object stateInfo)
   at System.Web.HttpResponse.AbortCurrentThread()
   at System.Web.HttpResponse.Redirect(String url, Boolean endResponse, Boolean permanent)
   at LMS5.Login.RedirectUserByRole(String role) in C:\Users\Admin\source\repos\LMS5\Login.aspx.cs:line 260
   at LMS5.Login.btnLogin_Click(Object sender, EventArgs e) in C:\Users\Admin\source\repos\LMS5\Login.aspx.cs:line 81
2025-10-03 23:48:40.1379 | ERROR | LMS5.Global | LMS5.Global.Application_Error | Unhandled application error occurred System.Web.HttpUnhandledException (0x80004005): Exception of type 'System.Web.HttpUnhandledException' was thrown. ---> System.InvalidOperationException: 'bootstrap' is not a valid script name.  The name must end in '.js'.
   at System.Web.UI.ScriptReference.GetDebugName(String releaseName)
   at System.Web.UI.ScriptReference.ShouldUseDebugScript(String releaseName, Assembly assembly, Boolean isDebuggingEnabled, Assembly currentAjaxAssembly)
   at System.Web.UI.ScriptReference.DetermineResourceNameAndAssembly(ScriptManager scriptManager, Boolean isDebuggingEnabled, String& resourceName, Assembly& assembly)
   at System.Web.UI.ScriptReference.GetUrlFromName(ScriptManager scriptManager, IControl scriptManagerControl, Boolean zip, Boolean useCdnPath)
   at System.Web.UI.ScriptReference.GetUrlInternal(ScriptManager scriptManager, Boolean zip, Boolean useCdnPath)
   at System.Web.UI.ScriptReference.GetUrl(ScriptManager scriptManager, Boolean zip)
   at System.Web.UI.ScriptManager.RegisterUniqueScripts(List`1 uniqueScripts)
   at System.Web.UI.ScriptManager.RegisterScripts()
   at System.Web.UI.ScriptManager.OnPagePreRenderComplete(Object sender, EventArgs e)
   at System.Web.UI.Page.OnPreRenderComplete(EventArgs e)
   at System.Web.UI.Page.ProcessRequestMain(Boolean includeStagesBeforeAsyncPoint, Boolean includeStagesAfterAsyncPoint)
   at System.Web.UI.Page.HandleError(Exception e)
   at System.Web.UI.Page.ProcessRequestMain(Boolean includeStagesBeforeAsyncPoint, Boolean includeStagesAfterAsyncPoint)
   at System.Web.UI.Page.ProcessRequest(Boolean includeStagesBeforeAsyncPoint, Boolean includeStagesAfterAsyncPoint)
   at System.Web.UI.Page.ProcessRequest()
   at System.Web.UI.Page.ProcessRequest(HttpContext context)
   at ASP.admin_admindashboard_aspx.ProcessRequest(HttpContext context)
   at System.Web.HttpApplication.CallHandlerExecutionStep.System.Web.HttpApplication.IExecutionStep.Execute()
   at System.Web.HttpApplication.ExecuteStepImpl(IExecutionStep step)
   at System.Web.HttpApplication.ExecuteStep(IExecutionStep step, Boolean& completedSynchronously)
System.InvalidOperationException: 'bootstrap' is not a valid script name.  The name must end in '.js'.
   at System.Web.UI.ScriptReference.GetDebugName(String releaseName)
   at System.Web.UI.ScriptReference.ShouldUseDebugScript(String releaseName, Assembly assembly, Boolean isDebuggingEnabled, Assembly currentAjaxAssembly)
   at System.Web.UI.ScriptReference.DetermineResourceNameAndAssembly(ScriptManager scriptManager, Boolean isDebuggingEnabled, String& resourceName, Assembly& assembly)
   at System.Web.UI.ScriptReference.GetUrlFromName(ScriptManager scriptManager, IControl scriptManagerControl, Boolean zip, Boolean useCdnPath)
   at System.Web.UI.ScriptReference.GetUrlInternal(ScriptManager scriptManager, Boolean zip, Boolean useCdnPath)
   at System.Web.UI.ScriptReference.GetUrl(ScriptManager scriptManager, Boolean zip)
   at System.Web.UI.ScriptManager.RegisterUniqueScripts(List`1 uniqueScripts)
   at System.Web.UI.ScriptManager.RegisterScripts()
   at System.Web.UI.ScriptManager.OnPagePreRenderComplete(Object sender, EventArgs e)
   at System.Web.UI.Page.OnPreRenderComplete(EventArgs e)
   at System.Web.UI.Page.ProcessRequestMain(Boolean includeStagesBeforeAsyncPoint, Boolean includeStagesAfterAsyncPoint)
2025-10-03 23:48:40.1379 | ERROR | LMS5.Global | LMS5.Global.Application_Error | URL: https://localhost:44326/Admin/AdminDashboard.aspx 
2025-10-03 23:48:40.1379 | ERROR | LMS5.Global | LMS5.Global.Application_Error | User: Mukesh 
2025-10-03 23:48:40.1379 | ERROR | LMS5.Global | LMS5.Global.Application_Error | User Agent: Mozilla/5.0 (Windows NT 10.0; Win64; x64) AppleWebKit/537.36 (KHTML, like Gecko) Chrome/140.0.0.0 Safari/537.36 
2025-10-03 23:50:31.3657 | ERROR | LMS5.Login | LMS5.Login.btnLogin_Click | Unexpected error during login for user: Mukesh System.Threading.ThreadAbortException: Thread was being aborted.
   at System.Threading.Thread.AbortInternal()
   at System.Threading.Thread.Abort(Object stateInfo)
   at System.Web.HttpResponse.AbortCurrentThread()
   at System.Web.HttpResponse.Redirect(String url, Boolean endResponse, Boolean permanent)
   at LMS5.Login.RedirectUserByRole(String role) in C:\Users\Admin\source\repos\LMS5\Login.aspx.cs:line 260
   at LMS5.Login.btnLogin_Click(Object sender, EventArgs e) in C:\Users\Admin\source\repos\LMS5\Login.aspx.cs:line 81
2025-10-03 23:50:32.3818 | ERROR | LMS5.Global | LMS5.Global.Application_Error | Unhandled application error occurred System.Web.HttpUnhandledException (0x80004005): Exception of type 'System.Web.HttpUnhandledException' was thrown. ---> System.InvalidOperationException: 'bootstrap' is not a valid script name.  The name must end in '.js'.
   at System.Web.UI.ScriptReference.GetDebugName(String releaseName)
   at System.Web.UI.ScriptReference.ShouldUseDebugScript(String releaseName, Assembly assembly, Boolean isDebuggingEnabled, Assembly currentAjaxAssembly)
   at System.Web.UI.ScriptReference.DetermineResourceNameAndAssembly(ScriptManager scriptManager, Boolean isDebuggingEnabled, String& resourceName, Assembly& assembly)
   at System.Web.UI.ScriptReference.GetUrlFromName(ScriptManager scriptManager, IControl scriptManagerControl, Boolean zip, Boolean useCdnPath)
   at System.Web.UI.ScriptReference.GetUrlInternal(ScriptManager scriptManager, Boolean zip, Boolean useCdnPath)
   at System.Web.UI.ScriptReference.GetUrl(ScriptManager scriptManager, Boolean zip)
   at System.Web.UI.ScriptManager.RegisterUniqueScripts(List`1 uniqueScripts)
   at System.Web.UI.ScriptManager.RegisterScripts()
   at System.Web.UI.ScriptManager.OnPagePreRenderComplete(Object sender, EventArgs e)
   at System.Web.UI.Page.OnPreRenderComplete(EventArgs e)
   at System.Web.UI.Page.ProcessRequestMain(Boolean includeStagesBeforeAsyncPoint, Boolean includeStagesAfterAsyncPoint)
   at System.Web.UI.Page.HandleError(Exception e)
   at System.Web.UI.Page.ProcessRequestMain(Boolean includeStagesBeforeAsyncPoint, Boolean includeStagesAfterAsyncPoint)
   at System.Web.UI.Page.ProcessRequest(Boolean includeStagesBeforeAsyncPoint, Boolean includeStagesAfterAsyncPoint)
   at System.Web.UI.Page.ProcessRequest()
   at System.Web.UI.Page.ProcessRequest(HttpContext context)
   at ASP.admin_admindashboard_aspx.ProcessRequest(HttpContext context)
   at System.Web.HttpApplication.CallHandlerExecutionStep.System.Web.HttpApplication.IExecutionStep.Execute()
   at System.Web.HttpApplication.ExecuteStepImpl(IExecutionStep step)
   at System.Web.HttpApplication.ExecuteStep(IExecutionStep step, Boolean& completedSynchronously)
System.InvalidOperationException: 'bootstrap' is not a valid script name.  The name must end in '.js'.
   at System.Web.UI.ScriptReference.GetDebugName(String releaseName)
   at System.Web.UI.ScriptReference.ShouldUseDebugScript(String releaseName, Assembly assembly, Boolean isDebuggingEnabled, Assembly currentAjaxAssembly)
   at System.Web.UI.ScriptReference.DetermineResourceNameAndAssembly(ScriptManager scriptManager, Boolean isDebuggingEnabled, String& resourceName, Assembly& assembly)
   at System.Web.UI.ScriptReference.GetUrlFromName(ScriptManager scriptManager, IControl scriptManagerControl, Boolean zip, Boolean useCdnPath)
   at System.Web.UI.ScriptReference.GetUrlInternal(ScriptManager scriptManager, Boolean zip, Boolean useCdnPath)
   at System.Web.UI.ScriptReference.GetUrl(ScriptManager scriptManager, Boolean zip)
   at System.Web.UI.ScriptManager.RegisterUniqueScripts(List`1 uniqueScripts)
   at System.Web.UI.ScriptManager.RegisterScripts()
   at System.Web.UI.ScriptManager.OnPagePreRenderComplete(Object sender, EventArgs e)
   at System.Web.UI.Page.OnPreRenderComplete(EventArgs e)
   at System.Web.UI.Page.ProcessRequestMain(Boolean includeStagesBeforeAsyncPoint, Boolean includeStagesAfterAsyncPoint)
2025-10-03 23:50:32.3818 | ERROR | LMS5.Global | LMS5.Global.Application_Error | URL: https://localhost:44326/Admin/AdminDashboard.aspx 
2025-10-03 23:50:32.3818 | ERROR | LMS5.Global | LMS5.Global.Application_Error | User: Mukesh 
2025-10-03 23:50:32.3974 | ERROR | LMS5.Global | LMS5.Global.Application_Error | User Agent: Mozilla/5.0 (Windows NT 10.0; Win64; x64) AppleWebKit/537.36 (KHTML, like Gecko) Chrome/140.0.0.0 Safari/537.36 
2025-10-03 23:51:00.9211 | ERROR | LMS5.Login | LMS5.Login.btnLogin_Click | Unexpected error during login for user: Mukesh System.Threading.ThreadAbortException: Thread was being aborted.
   at System.Threading.Thread.AbortInternal()
   at System.Threading.Thread.Abort(Object stateInfo)
   at System.Web.HttpResponse.AbortCurrentThread()
   at System.Web.HttpResponse.Redirect(String url, Boolean endResponse, Boolean permanent)
   at LMS5.Login.RedirectUserByRole(String role) in C:\Users\Admin\source\repos\LMS5\Login.aspx.cs:line 260
   at LMS5.Login.btnLogin_Click(Object sender, EventArgs e) in C:\Users\Admin\source\repos\LMS5\Login.aspx.cs:line 81
2025-10-03 23:51:01.9031 | ERROR | LMS5.Global | LMS5.Global.Application_Error | Unhandled application error occurred System.Web.HttpUnhandledException (0x80004005): Exception of type 'System.Web.HttpUnhandledException' was thrown. ---> System.InvalidOperationException: 'bootstrap' is not a valid script name.  The name must end in '.js'.
   at System.Web.UI.ScriptReference.GetDebugName(String releaseName)
   at System.Web.UI.ScriptReference.ShouldUseDebugScript(String releaseName, Assembly assembly, Boolean isDebuggingEnabled, Assembly currentAjaxAssembly)
   at System.Web.UI.ScriptReference.DetermineResourceNameAndAssembly(ScriptManager scriptManager, Boolean isDebuggingEnabled, String& resourceName, Assembly& assembly)
   at System.Web.UI.ScriptReference.GetUrlFromName(ScriptManager scriptManager, IControl scriptManagerControl, Boolean zip, Boolean useCdnPath)
   at System.Web.UI.ScriptReference.GetUrlInternal(ScriptManager scriptManager, Boolean zip, Boolean useCdnPath)
   at System.Web.UI.ScriptReference.GetUrl(ScriptManager scriptManager, Boolean zip)
   at System.Web.UI.ScriptManager.RegisterUniqueScripts(List`1 uniqueScripts)
   at System.Web.UI.ScriptManager.RegisterScripts()
   at System.Web.UI.ScriptManager.OnPagePreRenderComplete(Object sender, EventArgs e)
   at System.Web.UI.Page.OnPreRenderComplete(EventArgs e)
   at System.Web.UI.Page.ProcessRequestMain(Boolean includeStagesBeforeAsyncPoint, Boolean includeStagesAfterAsyncPoint)
   at System.Web.UI.Page.HandleError(Exception e)
   at System.Web.UI.Page.ProcessRequestMain(Boolean includeStagesBeforeAsyncPoint, Boolean includeStagesAfterAsyncPoint)
   at System.Web.UI.Page.ProcessRequest(Boolean includeStagesBeforeAsyncPoint, Boolean includeStagesAfterAsyncPoint)
   at System.Web.UI.Page.ProcessRequest()
   at System.Web.UI.Page.ProcessRequest(HttpContext context)
   at ASP.admin_admindashboard_aspx.ProcessRequest(HttpContext context)
   at System.Web.HttpApplication.CallHandlerExecutionStep.System.Web.HttpApplication.IExecutionStep.Execute()
   at System.Web.HttpApplication.ExecuteStepImpl(IExecutionStep step)
   at System.Web.HttpApplication.ExecuteStep(IExecutionStep step, Boolean& completedSynchronously)
System.InvalidOperationException: 'bootstrap' is not a valid script name.  The name must end in '.js'.
   at System.Web.UI.ScriptReference.GetDebugName(String releaseName)
   at System.Web.UI.ScriptReference.ShouldUseDebugScript(String releaseName, Assembly assembly, Boolean isDebuggingEnabled, Assembly currentAjaxAssembly)
   at System.Web.UI.ScriptReference.DetermineResourceNameAndAssembly(ScriptManager scriptManager, Boolean isDebuggingEnabled, String& resourceName, Assembly& assembly)
   at System.Web.UI.ScriptReference.GetUrlFromName(ScriptManager scriptManager, IControl scriptManagerControl, Boolean zip, Boolean useCdnPath)
   at System.Web.UI.ScriptReference.GetUrlInternal(ScriptManager scriptManager, Boolean zip, Boolean useCdnPath)
   at System.Web.UI.ScriptReference.GetUrl(ScriptManager scriptManager, Boolean zip)
   at System.Web.UI.ScriptManager.RegisterUniqueScripts(List`1 uniqueScripts)
   at System.Web.UI.ScriptManager.RegisterScripts()
   at System.Web.UI.ScriptManager.OnPagePreRenderComplete(Object sender, EventArgs e)
   at System.Web.UI.Page.OnPreRenderComplete(EventArgs e)
   at System.Web.UI.Page.ProcessRequestMain(Boolean includeStagesBeforeAsyncPoint, Boolean includeStagesAfterAsyncPoint)
2025-10-03 23:51:01.9214 | ERROR | LMS5.Global | LMS5.Global.Application_Error | URL: https://localhost:44326/Admin/AdminDashboard.aspx 
2025-10-03 23:51:01.9214 | ERROR | LMS5.Global | LMS5.Global.Application_Error | User: Mukesh 
2025-10-03 23:51:01.9214 | ERROR | LMS5.Global | LMS5.Global.Application_Error | User Agent: Mozilla/5.0 (Windows NT 10.0; Win64; x64) AppleWebKit/537.36 (KHTML, like Gecko) Chrome/140.0.0.0 Safari/537.36 
2025-10-03 23:59:49.3197 | ERROR | LMS5.Login | LMS5.Login.btnLogin_Click | Error during login for user: Mukesh System.Threading.ThreadAbortException: Thread was being aborted.
   at System.Threading.Thread.AbortInternal()
   at System.Threading.Thread.Abort(Object stateInfo)
   at System.Web.HttpResponse.AbortCurrentThread()
   at System.Web.HttpResponse.Redirect(String url, Boolean endResponse, Boolean permanent)
   at LMS5.Login.btnLogin_Click(Object sender, EventArgs e) in C:\Users\Admin\source\repos\LMS5\Login.aspx.cs:line 85
